2024-05-16 16:12:33,130 -INFO - PDF Generater Ended...
2024-05-16 16:12:33,130 -INFO - Yaml file editing Started...
2024-05-16 16:12:33,239 -INFO - Yaml file editing Ended...
2024-05-16 16:12:40,109 -INFO - All stocks - alerts file Saved
2024-05-16 16:12:40,110 -INFO - All stocks - json file saved
2024-05-16 16:12:40,111 -INFO - Ended....
2024-05-16 16:14:59,798 -INFO - Started...
2024-05-16 16:15:02,967 -INFO - Stock threading stated ....
2024-05-16 16:15:03,045 -INFO - Max time reached....
2024-05-16 16:15:03,045 -INFO - Max time reached....
2024-05-16 16:15:03,045 -INFO - Max time reached....
2024-05-16 16:15:03,045 -INFO - Max time reached....
2024-05-16 16:15:03,045 -INFO - Max time reached....
2024-05-16 16:15:12,188 -INFO - All stocks - alerts file Saved
2024-05-16 16:15:12,188 -INFO - All stocks - json file saved
2024-05-16 16:15:12,188 -INFO - 2 - thread Completed....
2024-05-16 16:15:12,188 -INFO - 0 - 5 - Stock threading ended ....
2024-05-16 16:15:12,188 -INFO - Max time reached....
2024-05-16 16:15:12,188 -INFO - PDF Generater Started...
2024-05-16 16:15:14,860 -INFO - PDF Generater Ended...
2024-05-16 16:15:14,860 -INFO - Yaml file editing Started...
2024-05-16 16:15:14,891 -INFO - Yaml file editing Ended...
2024-05-16 16:15:19,962 -INFO - All stocks - alerts file Saved
2024-05-16 16:15:19,962 -INFO - All stocks - json file saved
2024-05-16 16:15:19,962 -INFO - Ended....
