2024-05-18 20:12:02,525 -INFO - Started...
2024-05-18 20:12:07,503 -INFO - Stock threading stated ....
2024-05-18 20:12:31,013 -INFO - ULTRACEMCO.NS - this stock already completed
2024-05-18 20:13:36,799 -ERROR - 
1 Failed download:
2024-05-18 20:13:36,799 -ERROR - ['NIFTY']: Exception('%ticker%: No data found, symbol may be delisted')
2024-05-18 20:15:21,217 -INFO - HEROMOTOCO.NS - Reading existing data...
2024-05-18 20:16:54,058 -INFO - HEROMOTOCO.NS - last n isPivot function Ended
2024-05-18 20:17:36,634 -INFO - HEROMOTOCO.NS - detect_structure function started
2024-05-18 20:17:36,705 -INFO - HEROMOTOCO.NS - two_line_structure function started
2024-05-18 20:19:24,874 -INFO - Started...
2024-05-18 20:19:44,667 -INFO - Stock threading stated ....
2024-05-18 20:19:50,246 -INFO - ULTRACEMCO.NS - this stock already completed
2024-05-18 20:20:12,259 -ERROR - 
1 Failed download:
2024-05-18 20:20:12,259 -ERROR - ['NIFTY']: Exception('%ticker%: No data found, symbol may be delisted')
2024-05-18 20:20:45,779 -INFO - HEROMOTOCO.NS - Reading existing data...
2024-05-18 20:21:34,018 -INFO - HEROMOTOCO.NS - last n isPivot function Ended
2024-05-18 20:22:45,220 -INFO - All stocks - alerts file Saved
2024-05-18 20:22:45,223 -INFO - All stocks - json file saved
2024-05-18 20:22:45,225 -INFO - 15 - 17 - Stock threading ended ....
2024-05-18 20:22:53,347 -INFO - All stocks - alerts file Saved
2024-05-18 20:22:53,347 -INFO - All stocks - json file saved
2024-05-18 20:22:53,347 -INFO - Yaml file editing Started...
2024-05-18 20:22:53,347 -INFO - Yaml file editing Ended...
2024-05-18 20:22:53,347 -INFO - Git push Started...
2024-05-18 20:22:53,347 -INFO - Git push Ended...
2024-05-18 20:23:00,997 -INFO - All stocks - alerts file Saved
2024-05-18 20:23:00,997 -INFO - All stocks - json file saved
2024-05-18 20:23:00,997 -INFO - Ended....
2024-05-18 20:23:00,997 -INFO - PDF Generater Started...
2024-05-18 20:23:07,708 -INFO - Message sent successfully! - 
2024-05-18 20:23:07,715 -INFO - PDF Generater Ended...
