2024-05-16 12:59:18,773 -INFO - Started...
2024-05-16 12:59:26,185 -INFO - Stock threading stated ....
2024-05-16 12:59:26,241 -INFO - NIFTY FIN SERVICE - this stock already completed
2024-05-16 12:59:26,242 -INFO - NIFTY BANK - this stock already completed
2024-05-16 12:59:46,435 -INFO - All stocks - alerts file Saved
2024-05-16 12:59:46,436 -INFO - All stocks - json file saved
2024-05-16 12:59:46,436 -INFO - 0 - thread Completed....
2024-05-16 12:59:46,436 -INFO - 0 - 2 - Stock threading ended ....
2024-05-16 12:59:46,436 -INFO - Yaml file editing Started...
2024-05-16 12:59:46,436 -INFO - Error in main function: [Errno 2] No such file or directory: '.github\\workflows\\day.yml'
2024-05-16 12:59:46,437 -INFO - Error : Traceback (most recent call last):
  File "/Users/runner/work/line_alerts/line_alerts/three_line_pattern_detect.py", line 496, in <module>
    yaml_file_editing.yaml_file_edit(5,time_frame)
  File "/Users/runner/work/line_alerts/line_alerts/yaml_file_editing.py", line 12, in yaml_file_edit
    with open(yaml_file_path, 'r') as file:
         ^^^^^^^^^^^^^^^^^^^^^^^^^
FileNotFoundError: [Errno 2] No such file or directory: '.github\\workflows\\day.yml'

2024-05-16 13:00:06,310 -INFO - All stocks - alerts file Saved
2024-05-16 13:00:06,311 -INFO - All stocks - json file saved
2024-05-16 13:00:06,311 -INFO - Ended....
2024-05-16 13:00:06,311 -INFO - PDF Generater Started...
2024-05-16 13:00:14,938 -INFO - Message sent successfully! - 
2024-05-16 13:00:14,942 -INFO - PDF Generater Ended...
2024-05-16 13:11:06,988 -INFO - Started...
2024-05-16 13:11:13,906 -INFO - Stock threading stated ....
2024-05-16 13:11:13,949 -INFO - NIFTY BANK - this stock already completed
2024-05-16 13:11:13,949 -INFO - NIFTY FIN SERVICE - this stock already completed
2024-05-16 13:11:31,289 -INFO - All stocks - alerts file Saved
2024-05-16 13:11:31,290 -INFO - All stocks - json file saved
2024-05-16 13:11:31,290 -INFO - 0 - thread Completed....
2024-05-16 13:11:31,290 -INFO - 0 - 2 - Stock threading ended ....
2024-05-16 13:11:31,290 -INFO - Yaml file editing Started...
2024-05-16 13:11:31,290 -INFO - Error in main function: [Errno 2] No such file or directory: '.github\\workflows\\day.yml'
2024-05-16 13:11:31,291 -INFO - Error : Traceback (most recent call last):
  File "/Users/runner/work/line_alerts/line_alerts/three_line_pattern_detect.py", line 496, in <module>
    yaml_file_editing.yaml_file_edit(5,time_frame)
  File "/Users/runner/work/line_alerts/line_alerts/yaml_file_editing.py", line 12, in yaml_file_edit
    with open(yaml_file_path, 'r') as file:
         ^^^^^^^^^^^^^^^^^^^^^^^^^
FileNotFoundError: [Errno 2] No such file or directory: '.github\\workflows\\day.yml'

2024-05-16 13:11:47,700 -INFO - All stocks - alerts file Saved
2024-05-16 13:11:47,701 -INFO - All stocks - json file saved
2024-05-16 13:11:47,701 -INFO - Ended....
2024-05-16 13:11:47,701 -INFO - PDF Generater Started...
2024-05-16 13:11:55,599 -INFO - Message sent successfully! - 
2024-05-16 13:11:55,600 -INFO - PDF Generater Ended...
2024-05-17 10:18:15,455 -INFO - Started...
2024-05-17 10:18:50,623 -INFO - Stock threading stated ....
2024-05-17 10:18:50,815 -INFO - Max time reached....
2024-05-17 10:18:50,831 -INFO - Max time reached....
2024-05-17 10:20:42,942 -INFO - All stocks - alerts file Saved
2024-05-17 10:20:42,953 -INFO - All stocks - json file saved
2024-05-17 10:20:42,953 -INFO - 0 - thread Completed....
2024-05-17 10:20:42,954 -INFO - 0 - 2 - Stock threading ended ....
2024-05-17 10:20:42,954 -INFO - Max time reached....
2024-05-17 10:20:42,954 -INFO - Yaml file editing Started...
2024-05-17 10:20:43,002 -INFO - Yaml file editing Ended...
2024-05-17 10:20:43,002 -INFO - Git push editing Started...
2024-05-17 10:20:55,535 -INFO - Git push editing Ended...
2024-05-17 10:22:40,403 -INFO - All stocks - alerts file Saved
2024-05-17 10:22:40,403 -INFO - All stocks - json file saved
2024-05-17 10:22:40,403 -INFO - Ended....
2024-05-17 10:22:40,403 -INFO - PDF Generater Started...
2024-05-17 10:23:19,515 -INFO - Message sent successfully! - 
2024-05-17 10:23:19,515 -INFO - PDF Generater Ended...
2024-05-17 10:37:19,387 -INFO - Started...
2024-05-17 10:38:05,361 -INFO - Stock threading stated ....
2024-05-17 10:38:05,817 -INFO - Max time reached....
2024-05-17 10:38:05,817 -INFO - Max time reached....
2024-05-17 10:40:05,778 -INFO - All stocks - alerts file Saved
2024-05-17 10:40:05,780 -INFO - All stocks - json file saved
2024-05-17 10:40:05,780 -INFO - 0 - thread Completed....
2024-05-17 10:40:05,781 -INFO - 0 - 2 - Stock threading ended ....
2024-05-17 10:40:05,781 -INFO - Max time reached....
2024-05-17 10:40:05,781 -INFO - Yaml file editing Started...
2024-05-17 10:40:05,849 -INFO - Yaml file editing Ended...
2024-05-17 10:40:05,849 -INFO - Git push Started...
2024-05-17 10:40:17,054 -INFO - Git push Ended...
2024-05-17 10:41:57,035 -INFO - All stocks - alerts file Saved
2024-05-17 10:41:57,035 -INFO - All stocks - json file saved
2024-05-17 10:41:57,035 -INFO - Ended....
2024-05-17 10:41:57,035 -INFO - PDF Generater Started...
2024-05-17 10:42:40,013 -INFO - Message sent successfully! - 
2024-05-17 10:42:40,019 -INFO - PDF Generater Ended...
2024-05-17 11:06:09,990 -INFO - Started...
2024-05-17 11:06:53,411 -INFO - Stock threading stated ....
2024-05-17 11:06:53,728 -INFO - Max time reached....
2024-05-17 11:06:53,728 -INFO - Max time reached....
2024-05-17 11:08:37,926 -INFO - All stocks - alerts file Saved
2024-05-17 11:08:37,926 -INFO - All stocks - json file saved
2024-05-17 11:08:37,926 -INFO - 0 - thread Completed....
2024-05-17 11:08:37,926 -INFO - 0 - 2 - Stock threading ended ....
2024-05-17 11:08:37,926 -INFO - Max time reached....
2024-05-17 11:08:37,926 -INFO - Yaml file editing Started...
2024-05-17 11:08:37,926 -INFO - Yaml file editing Ended...
2024-05-17 11:08:37,926 -INFO - Git push Started...
2024-05-17 11:08:58,817 -INFO - Started...
2024-05-17 11:09:32,035 -INFO - Stock threading stated ....
2024-05-17 11:09:32,207 -INFO - NIFTY BANK - kite url call started...
2024-05-17 11:09:32,207 -INFO - NIFTY BANK - is_history_starting_from - True
2024-05-17 11:09:32,207 -INFO - NIFTY FIN SERVICE - kite url call started...
2024-05-17 11:09:32,207 -INFO - NIFTY FIN SERVICE - is_history_starting_from - True
2024-05-17 11:10:29,092 -INFO - NIFTY FIN SERVICE - kite url call Ended...
2024-05-17 11:10:29,248 -INFO - NIFTY BANK - kite url call Ended...
2024-05-17 11:10:29,687 -INFO - NIFTY FIN SERVICE -  preparing_for_candles function started
2024-05-17 11:10:29,703 -INFO - NIFTY FIN SERVICE -  isPivot function started
2024-05-17 11:10:30,004 -INFO - NIFTY BANK -  preparing_for_candles function started
2024-05-17 11:10:30,004 -INFO - NIFTY BANK -  isPivot function started
2024-05-17 11:10:40,255 -INFO - NIFTY FIN SERVICE - isPivot function Ended
2024-05-17 11:10:40,306 -INFO - NIFTY FIN SERVICE - detect_structure function started
2024-05-17 11:10:40,338 -INFO - NIFTY FIN SERVICE - two_line_structure function started
2024-05-17 11:10:41,235 -INFO - NIFTY BANK - isPivot function Ended
2024-05-17 11:10:41,237 -INFO - NIFTY BANK - detect_structure function started
2024-05-17 11:10:41,238 -INFO - NIFTY BANK - two_line_structure function started
2024-05-17 11:12:32,192 -INFO - All stocks - alerts file Saved
2024-05-17 11:12:32,192 -INFO - All stocks - json file saved
2024-05-17 11:12:32,192 -INFO - 0 - thread Completed....
2024-05-17 11:12:32,192 -INFO - 0 - 2 - Stock threading ended ....
2024-05-17 11:14:10,360 -INFO - NIFTY FIN SERVICE - last n two_line_structure function Ended
2024-05-17 11:15:20,348 -INFO - NIFTY FIN SERVICE - last n detect_structure function Ended
2024-05-17 11:17:38,157 -INFO - NIFTY BANK - last n two_line_structure function Ended
2024-05-17 11:18:04,538 -INFO - NIFTY FIN SERVICE -  preparing_for_candles function Ended
2024-05-17 11:18:04,538 -INFO - NIFTY FIN SERVICE - alerts file Saved
2024-05-17 11:18:33,346 -INFO - NIFTY BANK - last n detect_structure function Ended
2024-05-17 11:18:35,176 -INFO - NIFTY FIN SERVICE -  preparing_for_candles function Ended
2024-05-17 11:18:35,176 -INFO - NIFTY FIN SERVICE - alerts file Saved
2024-05-17 11:18:53,371 -INFO - NIFTY FIN SERVICE - generate_url function ended...
