2024-05-17 05:35:01,459 -INFO - Started...
2024-05-17 05:35:01,460 -INFO - Stock threading stated ....
2024-05-17 05:35:01,530 -INFO - NIFTY BANK - kite url call started...
2024-05-17 05:35:01,530 -INFO - NIFTY BANK - is_history_starting_from - True
2024-05-17 05:35:01,530 -INFO - NIFTY BANK - Error in generate_url function: 'daily'
2024-05-17 05:35:01,530 -INFO - NIFTY FIN SERVICE - kite url call started...
2024-05-17 05:35:01,530 -INFO - NIFTY FIN SERVICE - is_history_starting_from - True
2024-05-17 05:35:01,530 -INFO - NIFTY FIN SERVICE - Error in generate_url function: 'daily'
2024-05-17 05:35:01,531 -INFO - NIFTY BANK - Error : Traceback (most recent call last):
  File "/Users/runner/work/line_alerts/line_alerts/three_line_pattern_detect.py", line 100, in generate_url
    candles = kite.get_kite_url(session, rows, time_frame, is_history_starting_from, is_add_indicator,number_of_time_called)
              ^^^^^^^^^^^^^^^^^^^^^^^^^^^^^^^^^^^^^^^^^^^^^^^^^^^^^^^^^^^^^^^^^^^^^^^^^^^^^^^^^^^^^^^^^^^^^^^^^^^^^^^^^^^^^^
  File "/Users/runner/work/line_alerts/line_alerts/kite.py", line 84, in get_kite_url
    n = maximum_candle_limit[timeFrame]
        ~~~~~~~~~~~~~~~~~~~~^^^^^^^^^^^
KeyError: 'daily'

2024-05-17 05:35:01,531 -INFO - NIFTY BANK - generate_url function ended...
2024-05-17 05:35:01,531 -INFO - NIFTY FIN SERVICE - Error : Traceback (most recent call last):
  File "/Users/runner/work/line_alerts/line_alerts/three_line_pattern_detect.py", line 100, in generate_url
    candles = kite.get_kite_url(session, rows, time_frame, is_history_starting_from, is_add_indicator,number_of_time_called)
              ^^^^^^^^^^^^^^^^^^^^^^^^^^^^^^^^^^^^^^^^^^^^^^^^^^^^^^^^^^^^^^^^^^^^^^^^^^^^^^^^^^^^^^^^^^^^^^^^^^^^^^^^^^^^^^
  File "/Users/runner/work/line_alerts/line_alerts/kite.py", line 84, in get_kite_url
    n = maximum_candle_limit[timeFrame]
        ~~~~~~~~~~~~~~~~~~~~^^^^^^^^^^^
KeyError: 'daily'

2024-05-17 05:35:01,531 -INFO - NIFTY FIN SERVICE - generate_url function ended...
2024-05-17 05:35:01,538 -INFO - All stocks - alerts file Saved
2024-05-17 05:35:01,538 -INFO - All stocks - json file saved
2024-05-17 05:35:01,538 -INFO - 0 - thread Completed....
2024-05-17 05:35:01,538 -INFO - 0 - 2 - Stock threading ended ....
2024-05-17 05:35:01,538 -INFO - Yaml file editing Started...
2024-05-17 05:35:01,538 -INFO - Yaml file editing Ended...
2024-05-17 05:35:01,538 -INFO - Git push Started...
