2024-05-19 22:44:44,747 -INFO - Started...
2024-05-19 22:51:34,835 -INFO - Started...
2024-05-19 22:52:43,898 -INFO - Started...
2024-05-19 23:01:20,553 -ERROR - 
1 Failed download:
2024-05-19 23:01:21,011 -ERROR - ['NIFTY']: YFTzMissingError('$%ticker%: possibly delisted; No timezone found')
2024-05-19 23:03:18,245 -INFO - isPivot function started
2024-05-19 23:03:37,408 -INFO - isPivot function Ended
2024-05-19 23:03:45,028 -INFO - NAVINFLUOR.NS - detect_structure function started
2024-05-19 23:03:45,050 -INFO - NAVINFLUOR.NS - two_line_structure function started
2024-05-19 23:06:13,286 -INFO - NAVINFLUOR.NS - last n two_line_structure function Ended
2024-05-19 23:06:42,917 -INFO - NAVINFLUOR.NS - last n detect_structure function Ended
2024-05-19 23:13:11,035 -INFO - NAVINFLUOR.NS -  preparing_for_candles function Ended
2024-05-19 23:13:11,036 -INFO - NAVINFLUOR.NS - alerts file Saved
2024-05-19 23:13:11,407 -INFO - NAVINFLUOR.NS -  preparing_for_candles function Ended
2024-05-19 23:13:11,408 -INFO - NAVINFLUOR.NS - alerts file Saved
2024-05-19 23:13:11,410 -INFO - NAVINFLUOR.NS -  isPivot function Ended
2024-05-19 23:18:12,732 -INFO - Started...
2024-05-19 23:27:08,336 -INFO - Started...
2024-05-19 23:31:04,926 -INFO - Started...
2024-05-19 23:34:58,979 -INFO - Started...
2024-05-19 23:37:26,093 -ERROR - 
1 Failed download:
2024-05-19 23:37:26,093 -ERROR - ['NIFTY']: YFTzMissingError('$%ticker%: possibly delisted; No timezone found')
2024-05-19 23:37:52,526 -INFO - NAVINFLUOR.NS - Reading existing data...
2024-05-19 23:38:43,232 -INFO - NAVINFLUOR.NS - last n isPivot function Ended
2024-05-20 04:22:05,391 -INFO - Started...
2024-05-20 04:22:06,952 -INFO - Failed to create TzCache, reason: Error creating TzCache folder: '/Users/runner/Library/Caches/py-yfinance' reason: [Errno 17] File exists: '/Users/runner/Library/Caches/py-yfinance'. TzCache will not be used. Tip: You can direct cache to use a different location with 'set_tz_cache_location(mylocation)'
2024-05-20 04:22:06,952 -INFO - Failed to create TzCache, reason: Error creating TzCache folder: '/Users/runner/Library/Caches/py-yfinance' reason: [Errno 17] File exists: '/Users/runner/Library/Caches/py-yfinance'. TzCache will not be used. Tip: You can direct cache to use a different location with 'set_tz_cache_location(mylocation)'
2024-05-20 04:22:08,047 -INFO - PEL.NS - Process function started
2024-05-20 04:22:08,058 -INFO - VOLTAS.NS - Process function started
2024-05-20 04:22:08,058 -INFO - BERGEPAINT.NS - Process function started
2024-05-20 04:22:08,058 -INFO - DEEPAKNTR.NS - Process function started
2024-05-20 04:22:08,058 -INFO - COALINDIA.NS - Process function started
2024-05-20 04:22:08,058 -INFO - VOLTAS.NS - Reading existing data...
2024-05-20 04:22:08,059 -INFO - GRASIM.NS - Process function started
2024-05-20 04:22:08,066 -INFO - NAVINFLUOR.NS - Process function started
2024-05-20 04:22:08,084 -INFO - NAVINFLUOR.NS - Reading existing data...
2024-05-20 04:22:08,086 -INFO - isPivot function started
2024-05-20 04:22:08,455 -INFO - isPivot function Ended
2024-05-20 04:22:08,455 -INFO - COALINDIA.NS -  detect_structure function started
2024-05-20 04:22:08,458 -INFO - COALINDIA.NS -  two_line_structure function started
2024-05-20 04:22:08,463 -INFO - isPivot function started
2024-05-20 04:22:08,782 -INFO - isPivot function started
2024-05-20 04:22:08,783 -INFO - isPivot function started
2024-05-20 04:22:08,818 -INFO - isPivot function started
2024-05-20 04:22:10,315 -INFO - isPivot function Ended
2024-05-20 04:22:10,476 -INFO - GRASIM.NS -  detect_structure function started
2024-05-20 04:22:10,594 -INFO - isPivot function Ended
2024-05-20 04:22:10,929 -INFO - isPivot function Ended
2024-05-20 04:22:10,929 -INFO - GRASIM.NS -  two_line_structure function started
2024-05-20 04:22:10,937 -INFO - isPivot function Ended
2024-05-20 04:22:10,985 -INFO - BERGEPAINT.NS -  detect_structure function started
2024-05-20 04:22:11,012 -INFO - BERGEPAINT.NS -  two_line_structure function started
2024-05-20 04:22:11,013 -INFO - PEL.NS -  detect_structure function started
2024-05-20 04:22:11,030 -INFO - PEL.NS -  two_line_structure function started
2024-05-20 04:22:11,035 -INFO - DEEPAKNTR.NS -  detect_structure function started
2024-05-20 04:22:11,064 -INFO - DEEPAKNTR.NS -  two_line_structure function started
2024-05-20 04:22:15,376 -INFO - NAVINFLUOR.NS - Process function Ended
2024-05-20 04:22:16,023 -INFO - VOLTAS.NS - Process function Ended
2024-05-20 04:22:59,969 -INFO - DEEPAKNTR.NS -  detect_structure function Ended
2024-05-20 04:23:02,329 -INFO - COALINDIA.NS -  detect_structure function Ended
2024-05-20 04:23:03,006 -INFO - DEEPAKNTR.NS -  preparing_for_candles function Ended
2024-05-20 04:23:03,006 -INFO - DEEPAKNTR.NS - alerts file Saved
2024-05-20 04:23:04,911 -INFO - COALINDIA.NS -  preparing_for_candles function Ended
2024-05-20 04:23:04,912 -INFO - COALINDIA.NS - alerts file Saved
2024-05-20 04:23:05,439 -INFO - DEEPAKNTR.NS -  two_line_structure function Ended
2024-05-20 04:23:07,137 -INFO - COALINDIA.NS -  two_line_structure function Ended
2024-05-20 04:23:08,021 -INFO - DEEPAKNTR.NS -  preparing_for_candles function Ended
2024-05-20 04:23:08,021 -INFO - DEEPAKNTR.NS - alerts file Saved
2024-05-20 04:23:09,368 -INFO - DEEPAKNTR.NS - Process function Ended
2024-05-20 04:23:09,535 -INFO - COALINDIA.NS -  preparing_for_candles function Ended
2024-05-20 04:23:09,535 -INFO - COALINDIA.NS - alerts file Saved
2024-05-20 04:23:10,721 -INFO - COALINDIA.NS - Process function Ended
2024-05-20 04:23:23,171 -INFO - GRASIM.NS -  detect_structure function Ended
2024-05-20 04:23:25,461 -INFO - GRASIM.NS -  preparing_for_candles function Ended
2024-05-20 04:23:25,461 -INFO - GRASIM.NS - alerts file Saved
2024-05-20 04:23:25,992 -INFO - GRASIM.NS -  two_line_structure function Ended
2024-05-20 04:23:27,950 -INFO - GRASIM.NS -  preparing_for_candles function Ended
2024-05-20 04:23:27,950 -INFO - GRASIM.NS - alerts file Saved
2024-05-20 04:23:29,402 -INFO - GRASIM.NS - Process function Ended
2024-05-20 04:23:34,589 -INFO - BERGEPAINT.NS -  two_line_structure function Ended
2024-05-20 04:23:36,431 -INFO - BERGEPAINT.NS -  preparing_for_candles function Ended
2024-05-20 04:23:36,431 -INFO - BERGEPAINT.NS - alerts file Saved
2024-05-20 04:23:38,613 -INFO - BERGEPAINT.NS -  detect_structure function Ended
2024-05-20 04:23:40,333 -INFO - BERGEPAINT.NS -  preparing_for_candles function Ended
2024-05-20 04:23:40,333 -INFO - BERGEPAINT.NS - alerts file Saved
2024-05-20 04:23:40,948 -INFO - PEL.NS -  detect_structure function Ended
2024-05-20 04:23:42,199 -INFO - BERGEPAINT.NS - Process function Ended
2024-05-20 04:23:42,360 -INFO - PEL.NS -  two_line_structure function Ended
2024-05-20 04:23:42,766 -INFO - PEL.NS -  preparing_for_candles function Ended
2024-05-20 04:23:42,766 -INFO - PEL.NS - alerts file Saved
2024-05-20 04:23:43,412 -INFO - PEL.NS -  preparing_for_candles function Ended
2024-05-20 04:23:43,412 -INFO - PEL.NS - alerts file Saved
2024-05-20 04:23:44,189 -INFO - PEL.NS - Process function Ended
2024-05-20 04:23:45,043 -INFO - PEL.NS - Process function started
2024-05-20 04:23:45,044 -INFO - BAJFINANCE.NS - Process function started
2024-05-20 04:23:45,044 -INFO - TVSMOTOR.NS - Process function started
2024-05-20 04:23:45,044 -INFO - PEL.NS - Reading existing data...
2024-05-20 04:23:45,044 -INFO - TATAMOTORS.NS - Process function started
2024-05-20 04:23:45,044 -INFO - BAJFINANCE.NS - Reading existing data...
2024-05-20 04:23:45,044 -INFO - ADANIENT.NS - Process function started
2024-05-20 04:23:45,044 -INFO - TVSMOTOR.NS - Reading existing data...
2024-05-20 04:23:45,045 -INFO - CHOLAFIN.NS - Process function started
2024-05-20 04:23:45,045 -INFO - TATAMOTORS.NS - Reading existing data...
2024-05-20 04:23:45,045 -INFO - ADANIENT.NS - Reading existing data...
2024-05-20 04:23:45,045 -INFO - TATACHEM.NS - Process function started
2024-05-20 04:23:45,045 -INFO - CHOLAFIN.NS - Reading existing data...
2024-05-20 04:23:45,046 -INFO - RELIANCE.NS - Process function started
2024-05-20 04:23:45,046 -INFO - MGL.NS - Process function started
2024-05-20 04:23:45,047 -INFO - TATACHEM.NS - Reading existing data...
2024-05-20 04:23:45,047 -INFO - BAJAJFINSV.NS - Process function started
2024-05-20 04:23:45,047 -INFO - RELIANCE.NS - Reading existing data...
2024-05-20 04:23:45,048 -INFO - MGL.NS - Reading existing data...
2024-05-20 04:23:45,049 -INFO - BAJAJFINSV.NS - Reading existing data...
2024-05-20 04:23:46,738 -INFO - TVSMOTOR.NS - Process function Ended
2024-05-20 04:23:46,912 -INFO - BAJFINANCE.NS - Process function Ended
2024-05-20 04:23:46,912 -INFO - MGL.NS - Process function Ended
2024-05-20 04:23:47,164 -INFO - CHOLAFIN.NS - Process function Ended
2024-05-20 04:23:47,167 -INFO - PEL.NS - Process function Ended
2024-05-20 04:23:47,175 -INFO - ADANIENT.NS - Process function Ended
2024-05-20 04:23:47,177 -INFO - BAJAJFINSV.NS - Process function Ended
2024-05-20 04:23:47,180 -INFO - RELIANCE.NS - Process function Ended
2024-05-20 04:23:47,183 -INFO - TATACHEM.NS - Process function Ended
2024-05-20 04:23:47,183 -INFO - TATAMOTORS.NS - Process function Ended
2024-05-20 04:23:47,613 -INFO - INDIAMART.NS - Process function started
2024-05-20 04:23:47,613 -INFO - HINDUNILVR.NS - Process function started
2024-05-20 04:23:47,613 -INFO - SRF.NS - Process function started
2024-05-20 04:23:47,613 -INFO - INDIAMART.NS - Reading existing data...
2024-05-20 04:23:47,614 -INFO - CANFINHOME.NS - Process function started
2024-05-20 04:23:47,614 -INFO - HINDUNILVR.NS - Reading existing data...
2024-05-20 04:23:47,614 -INFO - SRF.NS - Reading existing data...
2024-05-20 04:23:47,614 -INFO - HDFCBANK.NS - Process function started
2024-05-20 04:23:47,614 -INFO - CANFINHOME.NS - Reading existing data...
2024-05-20 04:23:47,615 -INFO - ITC.NS - Process function started
2024-05-20 04:23:47,615 -INFO - HDFCBANK.NS - Reading existing data...
2024-05-20 04:23:47,615 -INFO - M&MFIN.NS - Process function started
2024-05-20 04:23:47,615 -INFO - ITC.NS - Reading existing data...
2024-05-20 04:23:47,616 -INFO - M&MFIN.NS - Reading existing data...
2024-05-20 04:23:47,805 -INFO - INDIAMART.NS - Process function Ended
2024-05-20 04:23:48,031 -INFO - SRF.NS - Process function Ended
2024-05-20 04:23:48,036 -INFO - M&MFIN.NS - Process function Ended
2024-05-20 04:23:48,037 -INFO - CANFINHOME.NS - Process function Ended
2024-05-20 04:23:48,038 -INFO - ITC.NS - Process function Ended
2024-05-20 04:23:48,038 -INFO - HDFCBANK.NS - Process function Ended
2024-05-20 04:23:48,040 -INFO - HINDUNILVR.NS - Process function Ended
2024-05-20 04:23:48,889 -INFO - DIVISLAB.NS - Process function started
2024-05-20 04:23:48,889 -INFO - TECHM.NS - Process function started
2024-05-20 04:23:48,889 -INFO - KOTAKBANK.NS - Process function started
2024-05-20 04:23:48,889 -INFO - DIVISLAB.NS - Reading existing data...
2024-05-20 04:23:48,889 -INFO - TECHM.NS - Reading existing data...
2024-05-20 04:23:48,889 -INFO - KOTAKBANK.NS - Reading existing data...
2024-05-20 04:23:48,889 -INFO - MPHASIS.NS - Process function started
2024-05-20 04:23:48,890 -INFO - JUBLFOOD.NS - Process function started
2024-05-20 04:23:48,890 -INFO - MPHASIS.NS - Reading existing data...
2024-05-20 04:23:48,890 -INFO - NAUKRI.NS - Process function started
2024-05-20 04:23:48,890 -INFO - MARICO.NS - Process function started
2024-05-20 04:23:48,890 -INFO - JUBLFOOD.NS - Reading existing data...
2024-05-20 04:23:48,890 -INFO - BAJAJFINSV.NS - Process function started
2024-05-20 04:23:48,890 -INFO - MANAPPURAM.NS - Process function started
2024-05-20 04:23:48,891 -INFO - NAUKRI.NS - Reading existing data...
2024-05-20 04:23:48,891 -INFO - PEL.NS - Process function started
2024-05-20 04:23:48,891 -INFO - MARICO.NS - Reading existing data...
2024-05-20 04:23:48,891 -INFO - IEX.NS - Process function started
2024-05-20 04:23:48,891 -INFO - DEEPAKNTR.NS - Process function started
2024-05-20 04:23:48,891 -INFO - ATUL.NS - Process function started
2024-05-20 04:23:48,891 -INFO - BAJAJFINSV.NS - Reading existing data...
2024-05-20 04:23:48,892 -INFO - BATAINDIA.NS - Process function started
2024-05-20 04:23:48,892 -INFO - AARTIIND.NS - Process function started
2024-05-20 04:23:48,892 -INFO - WIPRO.NS - Process function started
2024-05-20 04:23:48,892 -INFO - MANAPPURAM.NS - Reading existing data...
2024-05-20 04:23:48,892 -INFO - METROPOLIS.NS - Process function started
2024-05-20 04:23:48,893 -INFO - PEL.NS - Reading existing data...
2024-05-20 04:23:48,893 -INFO - IEX.NS - Reading existing data...
2024-05-20 04:23:48,893 -INFO - DEEPAKNTR.NS - Reading existing data...
2024-05-20 04:23:48,894 -INFO - ATUL.NS - Reading existing data...
2024-05-20 04:23:48,895 -INFO - BATAINDIA.NS - Reading existing data...
2024-05-20 04:23:48,895 -INFO - AARTIIND.NS - Reading existing data...
2024-05-20 04:23:48,895 -INFO - WIPRO.NS - Reading existing data...
2024-05-20 04:23:48,897 -INFO - METROPOLIS.NS - Reading existing data...
2024-05-20 04:23:48,969 -INFO - DIVISLAB.NS - Process function Ended
2024-05-20 04:23:48,983 -INFO - TECHM.NS - Process function Ended
2024-05-20 04:23:48,983 -INFO - JUBLFOOD.NS - Process function Ended
2024-05-20 04:23:48,984 -INFO - KOTAKBANK.NS - Process function Ended
2024-05-20 04:23:49,158 -INFO - NAUKRI.NS - Process function Ended
2024-05-20 04:23:49,192 -INFO - MPHASIS.NS - Process function Ended
2024-05-20 04:23:49,264 -INFO - DEEPAKNTR.NS - Process function Ended
2024-05-20 04:23:49,267 -INFO - MANAPPURAM.NS - Process function Ended
2024-05-20 04:23:49,269 -INFO - MARICO.NS - Process function Ended
2024-05-20 04:23:49,270 -INFO - PEL.NS - Process function Ended
2024-05-20 04:23:49,270 -INFO - METROPOLIS.NS - Process function Ended
2024-05-20 04:23:49,271 -INFO - BATAINDIA.NS - Process function Ended
2024-05-20 04:23:49,271 -INFO - AARTIIND.NS - Process function Ended
2024-05-20 04:23:49,271 -INFO - IEX.NS - Process function Ended
2024-05-20 04:23:49,273 -INFO - ATUL.NS - Process function Ended
2024-05-20 04:23:49,281 -INFO - WIPRO.NS - Process function Ended
2024-05-20 04:23:49,281 -INFO - BAJAJFINSV.NS - Process function Ended
2024-05-20 16:18:06,845 -INFO - Started...
2024-05-20 16:18:09,260 -INFO - Failed to create TzCache, reason: Error creating TzCache folder: '/Users/runner/Library/Caches/py-yfinance' reason: [Errno 17] File exists: '/Users/runner/Library/Caches/py-yfinance'. TzCache will not be used. Tip: You can direct cache to use a different location with 'set_tz_cache_location(mylocation)'
2024-05-20 16:18:11,030 -INFO - COALINDIA.NS - Process function started
2024-05-20 16:18:11,030 -INFO - NAVINFLUOR.NS - Process function started
2024-05-20 16:18:11,030 -INFO - PEL.NS - Process function started
2024-05-20 16:18:11,030 -INFO - VOLTAS.NS - Process function started
2024-05-20 16:18:11,030 -INFO - COALINDIA.NS - Reading existing data...
2024-05-20 16:18:11,031 -INFO - GRASIM.NS - Process function started
2024-05-20 16:18:11,031 -INFO - NAVINFLUOR.NS - Reading existing data...
2024-05-20 16:18:11,031 -INFO - BERGEPAINT.NS - Process function started
2024-05-20 16:18:11,032 -INFO - PEL.NS - Reading existing data...
2024-05-20 16:18:11,032 -INFO - VOLTAS.NS - Reading existing data...
2024-05-20 16:18:11,032 -INFO - DEEPAKNTR.NS - Process function started
2024-05-20 16:18:11,032 -INFO - GRASIM.NS - Reading existing data...
2024-05-20 16:18:11,033 -INFO - BERGEPAINT.NS - Reading existing data...
2024-05-20 16:18:11,033 -INFO - DEEPAKNTR.NS - Reading existing data...
2024-05-20 16:18:19,965 -INFO - COALINDIA.NS - Process function Ended
2024-05-20 16:18:19,996 -INFO - DEEPAKNTR.NS - Process function Ended
2024-05-20 16:18:20,031 -INFO - NAVINFLUOR.NS - Process function Ended
2024-05-20 16:18:20,049 -INFO - VOLTAS.NS - Process function Ended
2024-05-20 16:18:20,067 -INFO - BERGEPAINT.NS - Process function Ended
2024-05-20 16:18:20,096 -INFO - GRASIM.NS - Process function Ended
2024-05-20 16:18:20,134 -INFO - PEL.NS - Process function Ended
2024-05-20 16:18:21,488 -INFO - TATAMOTORS.NS - Process function started
2024-05-20 16:18:21,489 -INFO - RELIANCE.NS - Process function started
2024-05-20 16:18:21,490 -INFO - TATAMOTORS.NS - Reading existing data...
2024-05-20 16:18:21,490 -INFO - CHOLAFIN.NS - Process function started
2024-05-20 16:18:21,491 -INFO - RELIANCE.NS - Reading existing data...
2024-05-20 16:18:21,491 -INFO - BAJAJFINSV.NS - Process function started
2024-05-20 16:18:21,493 -INFO - PEL.NS - Process function started
2024-05-20 16:18:21,493 -INFO - CHOLAFIN.NS - Reading existing data...
2024-05-20 16:18:21,493 -INFO - BAJFINANCE.NS - Process function started
2024-05-20 16:18:21,494 -INFO - ADANIENT.NS - Process function started
2024-05-20 16:18:21,494 -INFO - TVSMOTOR.NS - Process function started
2024-05-20 16:18:21,495 -INFO - TATACHEM.NS - Process function started
2024-05-20 16:18:21,495 -INFO - MGL.NS - Process function started
2024-05-20 16:18:21,496 -INFO - BAJAJFINSV.NS - Reading existing data...
2024-05-20 16:18:21,497 -INFO - PEL.NS - Reading existing data...
2024-05-20 16:18:21,506 -INFO - ADANIENT.NS - Reading existing data...
2024-05-20 16:18:21,507 -INFO - TVSMOTOR.NS - Reading existing data...
2024-05-20 16:18:21,507 -INFO - BAJFINANCE.NS - Reading existing data...
2024-05-20 16:18:21,507 -INFO - TATACHEM.NS - Reading existing data...
2024-05-20 16:18:21,509 -INFO - MGL.NS - Reading existing data...
2024-05-20 16:18:24,595 -INFO - MGL.NS - Process function Ended
2024-05-20 16:18:25,172 -INFO - RELIANCE.NS - Process function Ended
2024-05-20 16:18:25,181 -INFO - TATAMOTORS.NS - Process function Ended
2024-05-20 16:18:25,194 -INFO - BAJAJFINSV.NS - Process function Ended
2024-05-20 16:18:25,199 -INFO - CHOLAFIN.NS - Process function Ended
2024-05-20 16:18:25,201 -INFO - BAJFINANCE.NS - Process function Ended
2024-05-20 16:18:25,201 -INFO - ADANIENT.NS - Process function Ended
2024-05-20 16:18:25,209 -INFO - PEL.NS - Process function Ended
2024-05-20 16:18:25,213 -INFO - TATACHEM.NS - Process function Ended
2024-05-20 16:18:25,215 -INFO - TVSMOTOR.NS - Process function Ended
2024-05-20 16:18:26,232 -INFO - INDIAMART.NS - Process function started
2024-05-20 16:18:26,232 -INFO - SRF.NS - Process function started
2024-05-20 16:18:26,233 -INFO - M&MFIN.NS - Process function started
2024-05-20 16:18:26,233 -INFO - INDIAMART.NS - Reading existing data...
2024-05-20 16:18:26,233 -INFO - SRF.NS - Reading existing data...
2024-05-20 16:18:26,233 -INFO - CANFINHOME.NS - Process function started
2024-05-20 16:18:26,233 -INFO - M&MFIN.NS - Reading existing data...
2024-05-20 16:18:26,233 -INFO - ITC.NS - Process function started
2024-05-20 16:18:26,233 -INFO - HDFCBANK.NS - Process function started
2024-05-20 16:18:26,234 -INFO - CANFINHOME.NS - Reading existing data...
2024-05-20 16:18:26,234 -INFO - HINDUNILVR.NS - Process function started
2024-05-20 16:18:26,234 -INFO - ITC.NS - Reading existing data...
2024-05-20 16:18:26,235 -INFO - HDFCBANK.NS - Reading existing data...
2024-05-20 16:18:26,236 -INFO - HINDUNILVR.NS - Reading existing data...
2024-05-20 16:18:26,558 -INFO - INDIAMART.NS - Process function Ended
2024-05-20 16:18:26,702 -INFO - SRF.NS - Process function Ended
2024-05-20 16:18:26,718 -INFO - M&MFIN.NS - Process function Ended
2024-05-20 16:18:26,722 -INFO - HINDUNILVR.NS - Process function Ended
2024-05-20 16:18:26,730 -INFO - ITC.NS - Process function Ended
2024-05-20 16:18:26,730 -INFO - HDFCBANK.NS - Process function Ended
2024-05-20 16:18:26,731 -INFO - CANFINHOME.NS - Process function Ended
2024-05-20 16:18:28,424 -INFO - MPHASIS.NS - Process function started
2024-05-20 16:18:28,425 -INFO - TECHM.NS - Process function started
2024-05-20 16:18:28,425 -INFO - BAJAJFINSV.NS - Process function started
2024-05-20 16:18:28,425 -INFO - MPHASIS.NS - Reading existing data...
2024-05-20 16:18:28,426 -INFO - TECHM.NS - Reading existing data...
2024-05-20 16:18:28,426 -INFO - DIVISLAB.NS - Process function started
2024-05-20 16:18:28,426 -INFO - BAJAJFINSV.NS - Reading existing data...
2024-05-20 16:18:28,426 -INFO - IEX.NS - Process function started
2024-05-20 16:18:28,427 -INFO - ATUL.NS - Process function started
2024-05-20 16:18:28,427 -INFO - DIVISLAB.NS - Reading existing data...
2024-05-20 16:18:28,427 -INFO - NAUKRI.NS - Process function started
2024-05-20 16:18:28,428 -INFO - PEL.NS - Process function started
2024-05-20 16:18:28,429 -INFO - IEX.NS - Reading existing data...
2024-05-20 16:18:28,429 -INFO - ATUL.NS - Reading existing data...
2024-05-20 16:18:28,429 -INFO - BATAINDIA.NS - Process function started
2024-05-20 16:18:28,430 -INFO - JUBLFOOD.NS - Process function started
2024-05-20 16:18:28,431 -INFO - WIPRO.NS - Process function started
2024-05-20 16:18:28,432 -INFO - NAUKRI.NS - Reading existing data...
2024-05-20 16:18:28,432 -INFO - DEEPAKNTR.NS - Process function started
2024-05-20 16:18:28,437 -INFO - DEEPAKNTR.NS - Reading existing data...
2024-05-20 16:18:28,432 -INFO - PEL.NS - Reading existing data...
2024-05-20 16:18:28,432 -INFO - METROPOLIS.NS - Process function started
2024-05-20 16:18:28,433 -INFO - MANAPPURAM.NS - Process function started
2024-05-20 16:18:28,434 -INFO - KOTAKBANK.NS - Process function started
2024-05-20 16:18:28,434 -INFO - JUBLFOOD.NS - Reading existing data...
2024-05-20 16:18:28,434 -INFO - BATAINDIA.NS - Reading existing data...
2024-05-20 16:18:28,435 -INFO - WIPRO.NS - Reading existing data...
2024-05-20 16:18:28,438 -INFO - METROPOLIS.NS - Reading existing data...
2024-05-20 16:18:28,433 -INFO - AARTIIND.NS - Process function started
2024-05-20 16:18:28,439 -INFO - MANAPPURAM.NS - Reading existing data...
2024-05-20 16:18:28,440 -INFO - KOTAKBANK.NS - Reading existing data...
2024-05-20 16:18:28,447 -INFO - AARTIIND.NS - Reading existing data...
2024-05-20 16:18:28,690 -INFO - MPHASIS.NS - Process function Ended
2024-05-20 16:18:28,707 -INFO - TECHM.NS - Process function Ended
2024-05-20 16:18:28,871 -INFO - DIVISLAB.NS - Process function Ended
2024-05-20 16:18:28,909 -INFO - BAJAJFINSV.NS - Process function Ended
2024-05-20 16:18:29,014 -INFO - PEL.NS - Process function Ended
2024-05-20 16:18:29,107 -INFO - IEX.NS - Process function Ended
2024-05-20 16:18:29,107 -INFO - NAUKRI.NS - Process function Ended
2024-05-20 16:18:29,117 -INFO - DEEPAKNTR.NS - Process function Ended
2024-05-20 16:18:29,118 -INFO - MANAPPURAM.NS - Process function Ended
2024-05-20 16:18:29,118 -INFO - ATUL.NS - Process function Ended
2024-05-20 16:18:29,141 -INFO - KOTAKBANK.NS - Process function Ended
2024-05-20 16:18:29,143 -INFO - METROPOLIS.NS - Process function Ended
2024-05-20 16:18:29,145 -INFO - AARTIIND.NS - Process function Ended
2024-05-20 16:18:29,145 -INFO - JUBLFOOD.NS - Process function Ended
2024-05-20 16:18:29,148 -INFO - BATAINDIA.NS - Process function Ended
2024-05-20 16:18:29,149 -INFO - WIPRO.NS - Process function Ended
